#
# A fatal error has been detected by the Java Runtime Environment:
#
#  Internal Error (javaClasses.cpp:129), pid=10944, tid=160
#  fatal error: Invalid layout of preloaded class
#
# JRE version: 7.0_11-b22
# Java VM: Java HotSpot(TM) Client VM (23.6-b04 mixed mode windows-x86 )
# Failed to write core dump. Minidumps are not enabled by default on client versions of Windows
#
# If you would like to submit a bug report, please visit:
#   http://bugreport.sun.com/bugreport/crash.jsp
#

---------------  T H R E A D  ---------------

Current thread (0x024db000):  JavaThread "Unknown thread" [_thread_in_vm, id=160, stack(0x02350000,0x023a0000)]

Stack: [0x02350000,0x023a0000],  sp=0x0239f9a4,  free space=318k
Native frames: (J=compiled Java code, j=interpreted, Vv=VM code, C=native code)
V  [jvm.dll+0x16f311]
V  [jvm.dll+0x1694c6]
V  [jvm.dll+0x2082f]
V  [jvm.dll+0x208b6]
V  [jvm.dll+0x2e64d]
V  [jvm.dll+0x2e8f9]
V  [jvm.dll+0x77d01]
V  [jvm.dll+0x780bb]
V  [jvm.dll+0x129101]
V  [jvm.dll+0x149baa]
V  [jvm.dll+0xa997f]
C  [javaw.exe+0x13ca]
C  [javaw.exe+0x1e3c]
C  [javaw.exe+0xa5e3]
C  [javaw.exe+0xa66d]
C  [kernel32.dll+0x133ca]  BaseThreadInitThunk+0x12
C  [ntdll.dll+0x39ed2]  RtlInitializeExceptionChain+0x63
C  [ntdll.dll+0x39ea5]  RtlInitializeExceptionChain+0x36


---------------  P R O C E S S  ---------------

Java Threads: ( => current thread )

Other Threads:

=>0x024db000 (exited) JavaThread "Unknown thread" [_thread_in_vm, id=160, stack(0x02350000,0x023a0000)]

VM state:not at safepoint (not fully initialized)

VM Mutex/Monitor currently owned by a thread: None

GC Heap History (0 events):
No events

Deoptimization events (0 events):
No events

Internal exceptions (0 events):
No events

Events (10 events):
Event: 0.029 loading class 0x023dde30 done
Event: 0.030 loading class 0x023dd550 done
Event: 0.030 loading class 0x023dd528
Event: 0.030 loading class 0x02456e10
Event: 0.032 loading class 0x02456e10 done
Event: 0.032 loading class 0x02456e48
Event: 0.033 loading class 0x02456e48 done
Event: 0.033 loading class 0x02459160
Event: 0.033 loading class 0x02459160 done
Event: 0.033 loading class 0x023dd528 done


Dynamic libraries:
0x002e0000 - 0x0030f000 	C:\Program Files (x86)\Java\jre7\bin\javaw.exe
0x76f80000 - 0x77100000 	C:\Windows\SysWOW64\ntdll.dll
0x76530000 - 0x76640000 	C:\Windows\syswow64\kernel32.dll
0x76a20000 - 0x76a66000 	C:\Windows\syswow64\KERNELBASE.dll
0x752e0000 - 0x75380000 	C:\Windows\syswow64\ADVAPI32.dll
0x75050000 - 0x750fc000 	C:\Windows\syswow64\msvcrt.dll
0x76860000 - 0x76879000 	C:\Windows\SysWOW64\sechost.dll
0x76300000 - 0x763f0000 	C:\Windows\syswow64\RPCRT4.dll
0x74ae0000 - 0x74b40000 	C:\Windows\syswow64\SspiCli.dll
0x74ad0000 - 0x74adc000 	C:\Windows\syswow64\CRYPTBASE.dll
0x76200000 - 0x76300000 	C:\Windows\syswow64\USER32.dll
0x74df0000 - 0x74e80000 	C:\Windows\syswow64\GDI32.dll
0x76880000 - 0x7688a000 	C:\Windows\syswow64\LPK.dll
0x768a0000 - 0x7693d000 	C:\Windows\syswow64\USP10.dll
0x71090000 - 0x7122e000 	C:\Windows\WinSxS\x86_microsoft.windows.common-controls_6595b64144ccf1df_6.0.7601.17514_none_41e6975e2bd6f2b2\COMCTL32.dll
0x75280000 - 0x752d7000 	C:\Windows\syswow64\SHLWAPI.dll
0x74be0000 - 0x74c40000 	C:\Windows\system32\IMM32.DLL
0x74f80000 - 0x7504c000 	C:\Windows\syswow64\MSCTF.dll
0x74960000 - 0x74995000 	C:\Windows\SysWOW64\nvinit.dll
0x0f000000 - 0x0f006000 	C:\Program Files (x86)\NVIDIA Corporation\CoProcManager\_etoured.dll
0x6fcc0000 - 0x6fd0c000 	C:\Program Files (x86)\NVIDIA Corporation\CoProcManager\nvd3d9wrap.dll
0x74c50000 - 0x74ded000 	C:\Windows\syswow64\SETUPAPI.dll
0x76830000 - 0x76857000 	C:\Windows\syswow64\CFGMGR32.dll
0x76760000 - 0x767ef000 	C:\Windows\syswow64\OLEAUT32.dll
0x75120000 - 0x7527c000 	C:\Windows\syswow64\ole32.dll
0x75100000 - 0x75112000 	C:\Windows\syswow64\DEVOBJ.dll
0x6fc80000 - 0x6fcb3000 	C:\Program Files (x86)\NVIDIA Corporation\CoProcManager\nvdxgiwrap.dll
0x5cd50000 - 0x5ce0e000 	C:\Program Files (x86)\Java\jre7\bin\msvcr100.dll
0x5f290000 - 0x5f5dc000 	C:\Program Files (x86)\Java\jre7\bin\client\jvm.dll
0x72520000 - 0x72527000 	C:\Windows\system32\WSOCK32.dll
0x767f0000 - 0x76825000 	C:\Windows\syswow64\WS2_32.dll
0x74c40000 - 0x74c46000 	C:\Windows\syswow64\NSI.dll
0x724b0000 - 0x724e2000 	C:\Windows\system32\WINMM.dll
0x74bd0000 - 0x74bd5000 	C:\Windows\syswow64\PSAPI.DLL
0x73b00000 - 0x73b0c000 	C:\Program Files (x86)\Java\jre7\bin\verify.dll
0x73870000 - 0x73890000 	C:\Program Files (x86)\Java\jre7\bin\java.dll
0x735b0000 - 0x735c3000 	C:\Program Files (x86)\Java\jre7\bin\zip.dll
0x70b30000 - 0x70c1b000 	C:\Windows\system32\dbghelp.dll

VM Arguments:
jvm_args: -Dfile.encoding=Cp1252 -Xbootclasspath:D:\software\dev\adt-bundle-windows-x86-20140321\sdk\platforms\android-19\android.jar 
java_command: com.cordea.tennis.advantage.Test
Launcher Type: SUN_STANDARD

Environment Variables:
JAVA_HOME=d:\software\dev\glassfish\jdk7\
PATH=C:/Program Files (x86)/Java/jre7/bin/client;C:/Program Files (x86)/Java/jre7/bin;C:/Program Files (x86)/Java/jre7/lib/i386;C:\Program Files (x86)\NVIDIA Corporation\PhysX\Common;C:\Windows\system32;C:\Windows;C:\Windows\System32\Wbem;C:\Windows\System32\WindowsPowerShell\v1.0\;C:\Program Files\Intel\WiFi\bin\;C:\Program Files\Common Files\Intel\WirelessCommon\;d:\software\dev\glassfish\jdk7\bin;d:\software\dev\Git\bin\;d:\software\dev\apache-maven-3.1.1\bin;C:\Program Files (x86)\Calibre2\;d:\software\dev\apache-ant-1.9.3\bin\;D:\software\Vagrant\bin;d:\software\dev\adt-bundle-windows-x86-20140321\sdk\platform-tools\;C:\Program Files\Intel\WiFi\bin\;C:\Program Files\Common Files\Intel\WirelessCommon\;d:\software\dev\adt-bundle-windows-x86-20140321\eclipse;
USERNAME=corne
OS=Windows_NT
PROCESSOR_IDENTIFIER=Intel64 Family 6 Model 42 Stepping 7, GenuineIntel



---------------  S Y S T E M  ---------------

OS: Windows 7 , 64 bit Build 7601 Service Pack 1

CPU:total 8 (4 cores per cpu, 2 threads per core) family 6 model 42 stepping 7, cmov, cx8, fxsr, mmx, sse, sse2, sse3, ssse3, sse4.1, sse4.2, popcnt, avx, ht, tsc, tscinvbit

Memory: 4k page, physical 4085932k(770860k free), swap 8170020k(1211884k free)

vm_info: Java HotSpot(TM) Client VM (23.6-b04) for windows-x86 JRE (1.7.0_11-b22), built on Jan 29 2013 19:36:44 by "java_re" with unknown MS VC++:1600

time: Fri Dec 12 11:46:59 2014
elapsed time: 0 seconds

